[2021-06-13T17:49:49.043049+00:00] channel-name.INFO: Se ha creado una nueva reserva [] []
[2021-06-15T17:14:10.365692+00:00] channel-name.INFO: Se ha creado una nueva reserva para el usuario admin [] []
[2021-06-15T23:15:11.614739+00:00] channel-name.INFO: Se ha creado una nueva reserva [] []
[2021-06-26T18:42:38.104676+00:00] usuario.INFO: Se ha editado el usuarioCarloscorrectamente [] []
[2021-06-29T14:59:43.808837+00:00] producto.INFO: Se ha creado el producto Plancha Pelo [] []
[2021-06-30T10:17:34.280258+00:00] reserva.INFO: La reserva ha sido eliminada [] []
[2021-06-30T13:16:24.385033+00:00] producto.INFO: Se ha creado el producto Ampollas Loreal [] []
[2021-06-30T13:19:14.997233+00:00] producto.INFO: Se ha creado el producto Salerm Natural [] []
[2021-06-30T13:20:06.355462+00:00] producto.INFO: Se ha creado el producto Ampollas Salerm [] []
[2021-06-30T13:21:03.886288+00:00] producto.INFO: Se ha editado el producto Champu Schwarkopft2 [] []
[2021-06-30T13:21:47.904449+00:00] producto.INFO: Se ha borrado el producto Champu Schwarkopft [] []
[2021-06-30T13:24:04.755953+00:00] producto.INFO: Se ha borrado el producto Plancha Pelo [] []
[2021-06-30T13:25:56.731627+00:00] producto.INFO: Se ha creado el producto Icon 2 [] []
[2021-06-30T13:26:37.876743+00:00] producto.INFO: Se ha creado el producto Peine Rizador [] []
[2021-06-30T13:27:11.947604+00:00] producto.INFO: Se ha creado el producto Secador GHD [] []
[2021-06-30T14:10:23.757593+00:00] reserva.INFO: La reserva ha sido eliminada [] []
[2021-06-30T14:12:02.218126+00:00] reserva.INFO: La reserva ha sido eliminada [] []
[2021-06-30T14:12:45.876446+00:00] reserva.INFO: La reserva ha sido eliminada [] []
[2021-06-30T14:17:43.204640+00:00] reserva.INFO: Se ha creado una nueva reserva [] []
[2021-06-30T14:18:09.567611+00:00] reserva.INFO: La reserva ha sido eliminada [] []
[2021-06-30T15:14:34.334606+00:00] usuario.INFO: Se ha editado el usuarioVaporDevcorrectamente [] []
[2021-06-30T15:15:44.962127+00:00] usuario.INFO: Se ha editado el usuarioVaporDevcorrectamente [] []
[2021-06-30T18:25:38.011233+00:00] reserva.INFO: Se ha creado una nueva reserva para el usuario admin [] []
[2021-06-30T19:05:19.872666+00:00] reserva.INFO: Se ha creado una nueva reserva para el usuario admin [] []
[2021-06-30T19:05:36.107736+00:00] reserva.INFO: La reserva ha sido eliminada [] []
[2021-06-30T19:49:08.486187+00:00] reserva.INFO: Se ha creado una nueva reserva para el usuario admin [] []
[2021-06-30T20:45:51.968459+00:00] reserva.INFO: Se ha creado una nueva reserva para el usuario admin [] []
[2021-06-30T20:47:18.561855+00:00] reserva.INFO: Se ha creado una nueva reserva [] []
[2021-06-30T23:22:32.941345+00:00] producto.INFO: Se ha borrado el producto Ampollas Salerm [] []
